<?xml version="1.0" encoding="UTF-8"?>
<testsuite name="GivenWhiteBox" tests="11" skipped="0" failures="0" errors="0" timestamp="2021-02-22T00:55:05" hostname="LAPTOP-2CJQVE4C" time="0.017">
  <properties/>
  <testcase name="checkoutSequence2" classname="GivenWhiteBox" time="0.012"/>
  <testcase name="checkoutSequence3" classname="GivenWhiteBox" time="0.0"/>
  <testcase name="checkoutSequence4" classname="GivenWhiteBox" time="0.001"/>
  <testcase name="checkoutOneBear" classname="GivenWhiteBox" time="0.0"/>
  <testcase name="getRawCostSequence1" classname="GivenWhiteBox" time="0.001"/>
  <testcase name="getRawCostSequence2" classname="GivenWhiteBox" time="0.0"/>
  <testcase name="addBearSequence1" classname="GivenWhiteBox" time="0.0"/>
  <testcase name="removeBearSequence1" classname="GivenWhiteBox" time="0.001"/>
  <testcase name="removeBearSequence2" classname="GivenWhiteBox" time="0.0"/>
  <testcase name="getCostSequence1" classname="GivenWhiteBox" time="0.001"/>
  <testcase name="getCostSequence2" classname="GivenWhiteBox" time="0.0"/>
  <system-out><![CDATA[Guardian is too young
]]></system-out>
  <system-err><![CDATA[]]></system-err>
</testsuite>
